LOG - IP address: ::1 - 
11/12/2018 15:38:19: User admin failed to log in.
----------------------------

LOG - IP address: ::1 - 
11/12/2018 15:38:26: User admin failed to log in.
----------------------------

LOG - IP address: ::1 - 
11/12/2018 15:39:59: User admin successfully logged in.
----------------------------

LOG - IP address: ::1 - 
11/12/2018 16:19:22: User admin failed to log in.
----------------------------

LOG - IP address: ::1 - 
11/12/2018 16:20:27: User admin failed to log in.
----------------------------

LOG - IP address: ::1 - 
11/12/2018 16:21:29: User admin successfully logged in.
----------------------------

LOG - IP address: ::1 - 
11/12/2018 16:25:04: User admin successfully logged in.
----------------------------

LOG - IP address: ::1 - 
11/12/2018 16:27:11: User admin failed to log in.
----------------------------

LOG - IP address: ::1 - 
11/12/2018 16:27:14: User admin successfully logged in.
----------------------------

LOG - IP address: ::1 - 
12/12/2018 11:51:04: User admin successfully logged in.
----------------------------

LOG - IP address: ::1 - 
12/12/2018 11:55:41: User admin successfully logged in.
----------------------------

LOG - IP address: ::1 - 
12/12/2018 12:05:07: User admin successfully logged in.
----------------------------

LOG - IP address: ::1 - 
12/12/2018 12:46:06: User admin successfully logged in.
----------------------------

LOG - IP address: ::1 - 
12/12/2018 13:05:08: User admin successfully logged in.
----------------------------

LOG - IP address: ::1 - 
12/12/2018 13:05:32: User admin successfully logged in.
----------------------------

LOG - IP address: ::1 - 
12/12/2018 13:21:46: User admin successfully logged in.
----------------------------

LOG - IP address: ::1 - 
21/01/2019 13:05:38: User admin successfully logged in.
----------------------------

LOG - IP address: ::1 - 
21/01/2019 14:16:36: User  failed to log in.
----------------------------

LOG - IP address: ::1 - 
21/01/2019 14:16:41: User admin failed to log in.
----------------------------

LOG - IP address: ::1 - 
21/01/2019 14:16:46: User admin successfully logged in.
----------------------------

LOG - IP address: ::1 - 
21/01/2019 15:25:35: User admin successfully logged in.
----------------------------

LOG - IP address: ::1 - 
21/01/2019 16:12:28: User aaa failed to log in.
----------------------------

LOG - IP address: ::1 - 
21/01/2019 16:13:53: User aaa failed to log in.
----------------------------

LOG - IP address: ::1 - 
21/01/2019 16:15:01: User  failed to log in.
----------------------------

LOG - IP address: ::1 - 
21/01/2019 16:15:06: User aaa failed to log in.
----------------------------

LOG - IP address: ::1 - 
21/01/2019 16:15:10: User admin failed to log in.
----------------------------

LOG - IP address: ::1 - 
21/01/2019 16:16:10: User admin successfully logged in.
----------------------------

LOG - IP address: ::1 - 
29/01/2019 11:48:10: User admin successfully logged in.
----------------------------

LOG - IP address: ::1 - 
29/01/2019 14:44:28: User admin successfully logged in.
----------------------------

LOG - IP address: ::1 - 
13/01/2020 11:09:22: User admin failed to log in.
----------------------------

LOG - IP address: ::1 - 
13/01/2020 11:15:59: User admin failed to log in.
----------------------------

LOG - IP address: ::1 - 
13/01/2020 11:16:07: User admin failed to log in.
----------------------------

LOG - IP address: ::1 - 
13/01/2020 11:22:52: User codea successfully logged in.
----------------------------

